app/build/outputs/logs/manifest-merger-debug-report.txt
-- Merging decision tree log ---
manifest
ADDED from src/main/AndroidManifest.xml:2:1-89:12
	package
		ADDED from src/main/AndroidManifest.xml:3:11-44
		INJECTED from src/main/AndroidManifest.xml
		INJECTED from src/main/AndroidManifest.xml
	android:versionName
		INJECTED from src/main/AndroidManifest.xml
		INJECTED from src/main/AndroidManifest.xml
	xmlns:android
		ADDED from src/main/AndroidManifest.xml:2:11-69
	android:versionCode
		INJECTED from src/main/AndroidManifest.xml
		INJECTED from src/main/AndroidManifest.xml
uses-permission#android.permission.READ_EXTERNAL_STORAGE
ADDED from src/main/AndroidManifest.xml:5:5-79
	android:name
		ADDED from src/main/AndroidManifest.xml:5:22-77
uses-permission#android.permission.WRITE_EXTERNAL_STORAGE
ADDED from src/main/AndroidManifest.xml:6:5-80
	android:name
		ADDED from src/main/AndroidManifest.xml:6:22-78
uses-permission#android.permission.CAMERA
ADDED from src/main/AndroidManifest.xml:7:5-64
	android:name
		ADDED from src/main/AndroidManifest.xml:7:22-62
uses-permission#android.permission.INTERNET
ADDED from src/main/AndroidManifest.xml:8:5-66
MERGED from [com.google.android.gms:play-services-maps:10.2.6] AndroidManifest.xml:20:5-66
	android:name
		ADDED from src/main/AndroidManifest.xml:8:22-64
uses-permission#android.permission.WAKE_LOCK
ADDED from src/main/AndroidManifest.xml:9:5-68
	android:name
		ADDED from src/main/AndroidManifest.xml:9:22-65
uses-permission#android.permission.VIBRATE
ADDED from src/main/AndroidManifest.xml:10:5-66
	android:name
		ADDED from src/main/AndroidManifest.xml:10:22-63
uses-permission#android.permission.RECEIVE_BOOT_COMPLETED
ADDED from src/main/AndroidManifest.xml:11:5-81
	android:name
		ADDED from src/main/AndroidManifest.xml:11:22-78
uses-permission#android.permission.GET_TASKS
ADDED from src/main/AndroidManifest.xml:12:5-68
	android:name
		ADDED from src/main/AndroidManifest.xml:12:22-65
uses-permission#android.permission.ACCESS_WIFI_STATE
ADDED from src/main/AndroidManifest.xml:13:5-76
	android:name
		ADDED from src/main/AndroidManifest.xml:13:22-73
uses-permission#android.permission.ACCESS_COARSE_LOCATION
ADDED from src/main/AndroidManifest.xml:14:5-81
	android:name
		ADDED from src/main/AndroidManifest.xml:14:22-78
uses-permission#android.permission.CALL_PHONE
ADDED from src/main/AndroidManifest.xml:16:5-69
	android:name
		ADDED from src/main/AndroidManifest.xml:16:22-66
uses-permission#android.permission.DIAL_PHONE
ADDED from src/main/AndroidManifest.xml:17:5-69
	android:name
		ADDED from src/main/AndroidManifest.xml:17:22-66
uses-feature#android.hardware.camera
ADDED from src/main/AndroidManifest.xml:20:5-59
	android:name
		ADDED from src/main/AndroidManifest.xml:20:19-57
uses-feature#android.hardware.camera.autofocus
ADDED from src/main/AndroidManifest.xml:22:5-69
	android:name
		ADDED from src/main/AndroidManifest.xml:22:19-67
application
ADDED from src/main/AndroidManifest.xml:24:5-87:19
MERGED from [com.android.support:design:25.2.0] AndroidManifest.xml:25:5-20
MERGED from [com.android.support:appcompat-v7:25.2.0] AndroidManifest.xml:25:5-20
MERGED from [com.android.support:animated-vector-drawable:25.2.0] AndroidManifest.xml:22:5-20
MERGED from [com.android.support:support-vector-drawable:25.2.0] AndroidManifest.xml:23:5-20
MERGED from [com.android.support:transition:25.2.0] AndroidManifest.xml:22:5-20
MERGED from [com.android.support:cardview-v7:25.2.0] AndroidManifest.xml:22:5-20
MERGED from [com.google.android.gms:play-services-fitness:10.2.6] AndroidManifest.xml:18:5-19
MERGED from [com.google.android.gms:play-services-maps:10.2.6] AndroidManifest.xml:24:5-19
MERGED from [com.google.android.gms:play-services-location:10.2.6] AndroidManifest.xml:4:5-19
MERGED from [com.google.android.gms:play-services-base:10.2.6] AndroidManifest.xml:18:5-20:19
MERGED from [com.google.android.gms:play-services-tasks:10.2.6] AndroidManifest.xml:4:5-19
MERGED from [com.google.android.gms:play-services-basement:10.2.6] AndroidManifest.xml:19:5-21:19
MERGED from [com.android.support.constraint:constraint-layout:1.0.1] AndroidManifest.xml:9:5-20
MERGED from [com.android.support:support-v4:25.2.0] AndroidManifest.xml:25:5-20
MERGED from [com.android.support:support-fragment:25.2.0] AndroidManifest.xml:25:5-20
MERGED from [com.android.support:support-media-compat:25.2.0] AndroidManifest.xml:25:5-20
MERGED from [com.android.support:support-core-ui:25.2.0] AndroidManifest.xml:25:5-20
MERGED from [com.android.support:support-core-utils:25.2.0] AndroidManifest.xml:25:5-20
MERGED from [com.android.support:support-compat:25.2.0] AndroidManifest.xml:25:5-20
	android:label
		ADDED from src/main/AndroidManifest.xml:28:9-41
	android:supportsRtl
		ADDED from src/main/AndroidManifest.xml:29:9-35
	android:allowBackup
		ADDED from src/main/AndroidManifest.xml:26:9-35
	android:icon
		ADDED from src/main/AndroidManifest.xml:27:9-43
	android:theme
		ADDED from src/main/AndroidManifest.xml:30:9-40
	android:name
		ADDED from src/main/AndroidManifest.xml:25:9-63
activity#com.greencross.medigene.SplashActivity
ADDED from src/main/AndroidManifest.xml:31:9-40:20
	android:screenOrientation
		ADDED from src/main/AndroidManifest.xml:33:13-49
	android:theme
		ADDED from src/main/AndroidManifest.xml:34:13-63
	android:name
		ADDED from src/main/AndroidManifest.xml:32:13-66
intent-filter#android.intent.action.MAIN+android.intent.category.LAUNCHER
ADDED from src/main/AndroidManifest.xml:35:13-39:29
action#android.intent.action.MAIN
ADDED from src/main/AndroidManifest.xml:36:17-68
	android:name
		ADDED from src/main/AndroidManifest.xml:36:25-66
category#android.intent.category.LAUNCHER
ADDED from src/main/AndroidManifest.xml:38:17-76
	android:name
		ADDED from src/main/AndroidManifest.xml:38:27-74
activity#com.greencross.medigene.MainActivity
ADDED from src/main/AndroidManifest.xml:41:9-49:20
	android:screenOrientation
		ADDED from src/main/AndroidManifest.xml:44:13-49
	android:windowSoftInputMode
		ADDED from src/main/AndroidManifest.xml:45:13-52
	android:configChanges
		ADDED from src/main/AndroidManifest.xml:43:13-59
	android:name
		ADDED from src/main/AndroidManifest.xml:42:13-64
intent-filter#android.intent.category.LAUNCHER
ADDED from src/main/AndroidManifest.xml:46:13-48:29
activity#com.greencross.medigene.base.DummyActivity
ADDED from src/main/AndroidManifest.xml:50:9-58:20
	android:screenOrientation
		ADDED from src/main/AndroidManifest.xml:53:13-49
	android:windowSoftInputMode
		ADDED from src/main/AndroidManifest.xml:54:13-52
	android:configChanges
		ADDED from src/main/AndroidManifest.xml:52:13-59
	android:name
		ADDED from src/main/AndroidManifest.xml:51:13-70
activity#com.greencross.medigene.alerm.alarmReceiver
ADDED from src/main/AndroidManifest.xml:60:9-63:55
	android:windowSoftInputMode
		ADDED from src/main/AndroidManifest.xml:63:13-52
	android:theme
		ADDED from src/main/AndroidManifest.xml:62:13-53
	android:name
		ADDED from src/main/AndroidManifest.xml:61:13-71
receiver#com.greencross.medigene.alerm.getAlarm_cervical
ADDED from src/main/AndroidManifest.xml:65:9-78:20
	android:name
		ADDED from src/main/AndroidManifest.xml:65:19-81
intent-filter#com.greencross.medigene.alerm.a1+com.greencross.medigene.alerm.a2+com.greencross.medigene.alerm.b1+com.greencross.medigene.alerm.b2+com.greencross.medigene.alerm.b3+com.greencross.medigene.alerm.cervical1+com.greencross.medigene.alerm.cervical2+com.greencross.medigene.alerm.cervical3+com.greencross.medigene.alerm.in1+com.greencross.medigene.alerm.in2
ADDED from src/main/AndroidManifest.xml:66:13-77:29
action#com.greencross.medigene.alerm.cervical1
ADDED from src/main/AndroidManifest.xml:67:17-82
	android:name
		ADDED from src/main/AndroidManifest.xml:67:25-79
action#com.greencross.medigene.alerm.cervical2
ADDED from src/main/AndroidManifest.xml:68:17-82
	android:name
		ADDED from src/main/AndroidManifest.xml:68:25-79
action#com.greencross.medigene.alerm.cervical3
ADDED from src/main/AndroidManifest.xml:69:17-82
	android:name
		ADDED from src/main/AndroidManifest.xml:69:25-79
action#com.greencross.medigene.alerm.in1
ADDED from src/main/AndroidManifest.xml:70:17-76
	android:name
		ADDED from src/main/AndroidManifest.xml:70:25-73
action#com.greencross.medigene.alerm.in2
ADDED from src/main/AndroidManifest.xml:71:17-76
	android:name
		ADDED from src/main/AndroidManifest.xml:71:25-73
action#com.greencross.medigene.alerm.a1
ADDED from src/main/AndroidManifest.xml:72:17-75
	android:name
		ADDED from src/main/AndroidManifest.xml:72:25-72
action#com.greencross.medigene.alerm.a2
ADDED from src/main/AndroidManifest.xml:73:17-75
	android:name
		ADDED from src/main/AndroidManifest.xml:73:25-72
action#com.greencross.medigene.alerm.b1
ADDED from src/main/AndroidManifest.xml:74:17-75
	android:name
		ADDED from src/main/AndroidManifest.xml:74:25-72
action#com.greencross.medigene.alerm.b2
ADDED from src/main/AndroidManifest.xml:75:17-75
	android:name
		ADDED from src/main/AndroidManifest.xml:75:25-72
action#com.greencross.medigene.alerm.b3
ADDED from src/main/AndroidManifest.xml:76:17-75
	android:name
		ADDED from src/main/AndroidManifest.xml:76:25-72
receiver#com.greencross.medigene.alerm.alarmBroadCast
ADDED from src/main/AndroidManifest.xml:80:9-81:20
	android:name
		ADDED from src/main/AndroidManifest.xml:80:19-78
meta-data#com.google.android.maps.v2.API_KEY
ADDED from src/main/AndroidManifest.xml:83:9-85:71
	android:value
		ADDED from src/main/AndroidManifest.xml:85:13-68
	android:name
		ADDED from src/main/AndroidManifest.xml:84:13-62
uses-sdk
INJECTED from src/main/AndroidManifest.xml reason: use-sdk injection requested
MERGED from [com.android.support:design:25.2.0] AndroidManifest.xml:21:5-23:62
MERGED from [com.android.support:appcompat-v7:25.2.0] AndroidManifest.xml:21:5-23:78
MERGED from [com.android.support:animated-vector-drawable:25.2.0] AndroidManifest.xml:20:5-44
MERGED from [com.android.support:support-vector-drawable:25.2.0] AndroidManifest.xml:21:5-43
MERGED from [com.android.support:transition:25.2.0] AndroidManifest.xml:20:5-44
MERGED from [com.android.support:recyclerview-v7:25.2.0] AndroidManifest.xml:20:5-43
MERGED from [com.android.support:cardview-v7:25.2.0] AndroidManifest.xml:20:5-43
MERGED from [com.google.android.gms:play-services-fitness:10.2.6] AndroidManifest.xml:17:5-43
MERGED from [com.google.android.gms:play-services-maps:10.2.6] AndroidManifest.xml:23:5-43
MERGED from [com.google.android.gms:play-services-location:10.2.6] AndroidManifest.xml:3:5-43
MERGED from [com.google.android.gms:play-services-base:10.2.6] AndroidManifest.xml:17:5-43
MERGED from [com.google.android.gms:play-services-tasks:10.2.6] AndroidManifest.xml:3:5-43
MERGED from [com.google.android.gms:play-services-basement:10.2.6] AndroidManifest.xml:17:5-43
MERGED from [com.android.support.constraint:constraint-layout:1.0.1] AndroidManifest.xml:5:5-7:41
MERGED from [com.github.chrisbanes.photoview:library:1.2.4] AndroidManifest.xml:7:5-9:41
MERGED from [com.android.support:support-v4:25.2.0] AndroidManifest.xml:21:5-23:54
MERGED from [com.android.support:support-fragment:25.2.0] AndroidManifest.xml:21:5-23:60
MERGED from [com.android.support:support-media-compat:25.2.0] AndroidManifest.xml:21:5-23:63
MERGED from [com.android.support:support-core-ui:25.2.0] AndroidManifest.xml:21:5-23:58
MERGED from [com.android.support:support-core-utils:25.2.0] AndroidManifest.xml:21:5-23:61
MERGED from [com.android.support:support-compat:25.2.0] AndroidManifest.xml:21:5-23:58
	tools:overrideLibrary
		ADDED from [com.android.support:design:25.2.0] AndroidManifest.xml:23:9-59
	android:targetSdkVersion
		INJECTED from src/main/AndroidManifest.xml
		INJECTED from src/main/AndroidManifest.xml
	android:minSdkVersion
		INJECTED from src/main/AndroidManifest.xml
		INJECTED from src/main/AndroidManifest.xml
uses-permission#android.permission.ACCESS_NETWORK_STATE
ADDED from [com.google.android.gms:play-services-maps:10.2.6] AndroidManifest.xml:19:5-78
	android:name
		ADDED from [com.google.android.gms:play-services-maps:10.2.6] AndroidManifest.xml:19:22-76
uses-feature#0x00020000
ADDED from [com.google.android.gms:play-services-maps:10.2.6] AndroidManifest.xml:21:5-77
	android:glEsVersion
		ADDED from [com.google.android.gms:play-services-maps:10.2.6] AndroidManifest.xml:21:19-51
	android:required
		ADDED from [com.google.android.gms:play-services-maps:10.2.6] AndroidManifest.xml:21:52-75
activity#com.google.android.gms.common.api.GoogleApiActivity
ADDED from [com.google.android.gms:play-services-base:10.2.6] AndroidManifest.xml:19:9-172
	android:exported
		ADDED from [com.google.android.gms:play-services-base:10.2.6] AndroidManifest.xml:19:146-170
	android:theme
		ADDED from [com.google.android.gms:play-services-base:10.2.6] AndroidManifest.xml:19:86-145
	android:name
		ADDED from [com.google.android.gms:play-services-base:10.2.6] AndroidManifest.xml:19:19-85
meta-data#com.google.android.gms.version
ADDED from [com.google.android.gms:play-services-basement:10.2.6] AndroidManifest.xml:20:9-121
	android:value
		ADDED from [com.google.android.gms:play-services-basement:10.2.6] AndroidManifest.xml:20:66-119
	android:name
		ADDED from [com.google.android.gms:play-services-basement:10.2.6] AndroidManifest.xml:20:20-65